<?xml version="1.0" encoding="UTF-8"?>
<!-- Generated by org.testng.reporters.JUnitReportReporter -->
<testsuite skipped="0" hostname="DELL-2PNYVQ1-SUR" name="com.test.seleniumpoc.LoginTest" tests="1" failures="0" timestamp="2021-11-02T15:37:40 IST" time="3.296" errors="0">
  <testcase name="HomePage" time="3.296" classname="com.test.seleniumpoc.LoginTest"/>
  <system-out/>
</testsuite> <!-- com.test.seleniumpoc.LoginTest -->
