<?xml version="1.0" encoding="UTF-8"?>
<!-- Generated by org.testng.reporters.JUnitReportReporter -->
<testsuite skipped="0" hostname="DELL-2PNYVQ1-SUR" name="com.test.seleniumpoc.LogoutTest" tests="1" failures="0" timestamp="2021-10-17T00:02:16 IST" time="14.163" errors="0">
  <testcase name="HomePage" time="14.163" classname="com.test.seleniumpoc.LogoutTest"/>
  <system-out/>
</testsuite> <!-- com.test.seleniumpoc.LogoutTest -->
