<?xml version="1.0" encoding="UTF-8"?>
<!-- Generated by org.testng.reporters.JUnitReportReporter -->
<testsuite skipped="0" hostname="DELL-2PNYVQ1-SUR" name="com.test.seleniumpoc.LogoutTest" tests="1" failures="0" timestamp="2021-11-02T10:38:33 IST" time="9.252" errors="0">
  <testcase name="HomePage" time="9.252" classname="com.test.seleniumpoc.LogoutTest"/>
  <system-out/>
</testsuite> <!-- com.test.seleniumpoc.LogoutTest -->
