<?xml version="1.0" encoding="UTF-8"?>
<!-- Generated by org.testng.reporters.JUnitReportReporter -->
<testsuite skipped="0" hostname="DELL-2PNYVQ1-SUR" name="com.test.seleniumpoc.HomePageTest" tests="1" failures="0" timestamp="2021-10-16T01:59:47 IST" time="6.950" errors="0">
  <testcase name="HomePage" time="6.950" classname="com.test.seleniumpoc.HomePageTest"/>
  <system-out/>
</testsuite> <!-- com.test.seleniumpoc.HomePageTest -->
