<?xml version="1.0" encoding="UTF-8"?>
<!-- Generated by org.testng.reporters.JUnitReportReporter -->
<testsuite skipped="0" hostname="DELL-2PNYVQ1-SUR" name="com.test.seleniumpoc.HomePage" tests="1" failures="0" timestamp="2021-10-16T01:01:01 IST" time="39.636" errors="0">
  <testcase name="HomePage" time="39.636" classname="com.test.seleniumpoc.HomePage"/>
  <system-out/>
</testsuite> <!-- com.test.seleniumpoc.HomePage -->
